{"/home/omena/dev/node/jsExpert/FluentSqlBuilder/src/fluentSQL.js": {"path":"/home/omena/dev/node/jsExpert/FluentSqlBuilder/src/fluentSQL.js","all":false,"statementMap":{"0":{"start":{"line":1,"column":0},"end":{"line":1,"column":39}},"1":{"start":{"line":2,"column":0},"end":{"line":2,"column":17}},"2":{"start":{"line":3,"column":0},"end":{"line":3,"column":13}},"3":{"start":{"line":4,"column":0},"end":{"line":4,"column":15}},"4":{"start":{"line":5,"column":0},"end":{"line":5,"column":14}},"5":{"start":{"line":6,"column":0},"end":{"line":6,"column":15}},"6":{"start":{"line":7,"column":0},"end":{"line":7,"column":0}},"7":{"start":{"line":8,"column":0},"end":{"line":8,"column":29}},"8":{"start":{"line":9,"column":0},"end":{"line":9,"column":30}},"9":{"start":{"line":10,"column":0},"end":{"line":10,"column":3}},"10":{"start":{"line":11,"column":0},"end":{"line":11,"column":0}},"11":{"start":{"line":12,"column":0},"end":{"line":12,"column":24}},"12":{"start":{"line":13,"column":0},"end":{"line":13,"column":46}},"13":{"start":{"line":14,"column":0},"end":{"line":14,"column":3}},"14":{"start":{"line":15,"column":0},"end":{"line":15,"column":0}},"15":{"start":{"line":16,"column":0},"end":{"line":16,"column":14}},"16":{"start":{"line":17,"column":0},"end":{"line":17,"column":22}},"17":{"start":{"line":18,"column":0},"end":{"line":18,"column":0}},"18":{"start":{"line":19,"column":0},"end":{"line":19,"column":16}},"19":{"start":{"line":20,"column":0},"end":{"line":20,"column":3}},"20":{"start":{"line":21,"column":0},"end":{"line":21,"column":0}},"21":{"start":{"line":22,"column":0},"end":{"line":22,"column":17}},"22":{"start":{"line":23,"column":0},"end":{"line":23,"column":25}},"23":{"start":{"line":24,"column":0},"end":{"line":24,"column":0}},"24":{"start":{"line":25,"column":0},"end":{"line":25,"column":16}},"25":{"start":{"line":26,"column":0},"end":{"line":26,"column":3}},"26":{"start":{"line":27,"column":0},"end":{"line":27,"column":0}},"27":{"start":{"line":28,"column":0},"end":{"line":28,"column":16}},"28":{"start":{"line":29,"column":0},"end":{"line":29,"column":58}},"29":{"start":{"line":30,"column":0},"end":{"line":30,"column":100}},"30":{"start":{"line":31,"column":0},"end":{"line":31,"column":52}},"31":{"start":{"line":32,"column":0},"end":{"line":32,"column":16}},"32":{"start":{"line":33,"column":0},"end":{"line":33,"column":3}},"33":{"start":{"line":34,"column":0},"end":{"line":34,"column":0}},"34":{"start":{"line":35,"column":0},"end":{"line":35,"column":18}},"35":{"start":{"line":36,"column":0},"end":{"line":36,"column":26}},"36":{"start":{"line":37,"column":0},"end":{"line":37,"column":0}},"37":{"start":{"line":38,"column":0},"end":{"line":38,"column":16}},"38":{"start":{"line":39,"column":0},"end":{"line":39,"column":3}},"39":{"start":{"line":40,"column":0},"end":{"line":40,"column":0}},"40":{"start":{"line":41,"column":0},"end":{"line":41,"column":26}},"41":{"start":{"line":42,"column":0},"end":{"line":42,"column":57}},"42":{"start":{"line":43,"column":0},"end":{"line":43,"column":3}},"43":{"start":{"line":44,"column":0},"end":{"line":44,"column":0}},"44":{"start":{"line":45,"column":0},"end":{"line":45,"column":23}},"45":{"start":{"line":46,"column":0},"end":{"line":46,"column":49}},"46":{"start":{"line":47,"column":0},"end":{"line":47,"column":49}},"47":{"start":{"line":48,"column":0},"end":{"line":48,"column":5}},"48":{"start":{"line":49,"column":0},"end":{"line":49,"column":0}},"49":{"start":{"line":50,"column":0},"end":{"line":50,"column":16}},"50":{"start":{"line":51,"column":0},"end":{"line":51,"column":3}},"51":{"start":{"line":52,"column":0},"end":{"line":52,"column":0}},"52":{"start":{"line":53,"column":0},"end":{"line":53,"column":24}},"53":{"start":{"line":54,"column":0},"end":{"line":54,"column":27}},"54":{"start":{"line":55,"column":0},"end":{"line":55,"column":41}},"55":{"start":{"line":56,"column":0},"end":{"line":56,"column":0}},"56":{"start":{"line":57,"column":0},"end":{"line":57,"column":41}},"57":{"start":{"line":58,"column":0},"end":{"line":58,"column":71}},"58":{"start":{"line":59,"column":0},"end":{"line":59,"column":31}},"59":{"start":{"line":60,"column":0},"end":{"line":60,"column":5}},"60":{"start":{"line":61,"column":0},"end":{"line":61,"column":0}},"61":{"start":{"line":62,"column":0},"end":{"line":62,"column":23}},"62":{"start":{"line":63,"column":0},"end":{"line":63,"column":3}},"63":{"start":{"line":64,"column":0},"end":{"line":64,"column":0}},"64":{"start":{"line":65,"column":0},"end":{"line":65,"column":28}},"65":{"start":{"line":66,"column":0},"end":{"line":66,"column":39}},"66":{"start":{"line":67,"column":0},"end":{"line":67,"column":0}},"67":{"start":{"line":68,"column":0},"end":{"line":68,"column":41}},"68":{"start":{"line":69,"column":0},"end":{"line":69,"column":68}},"69":{"start":{"line":70,"column":0},"end":{"line":70,"column":7}},"70":{"start":{"line":71,"column":0},"end":{"line":71,"column":3}},"71":{"start":{"line":72,"column":0},"end":{"line":72,"column":0}},"72":{"start":{"line":73,"column":0},"end":{"line":73,"column":11}},"73":{"start":{"line":74,"column":0},"end":{"line":74,"column":23}},"74":{"start":{"line":75,"column":0},"end":{"line":75,"column":40}},"75":{"start":{"line":76,"column":0},"end":{"line":76,"column":46}},"76":{"start":{"line":77,"column":0},"end":{"line":77,"column":0}},"77":{"start":{"line":78,"column":0},"end":{"line":78,"column":52}},"78":{"start":{"line":79,"column":0},"end":{"line":79,"column":32}},"79":{"start":{"line":80,"column":0},"end":{"line":80,"column":0}},"80":{"start":{"line":81,"column":0},"end":{"line":81,"column":45}},"81":{"start":{"line":82,"column":0},"end":{"line":82,"column":5}},"82":{"start":{"line":83,"column":0},"end":{"line":83,"column":0}},"83":{"start":{"line":84,"column":0},"end":{"line":84,"column":54}},"84":{"start":{"line":85,"column":0},"end":{"line":85,"column":23}},"85":{"start":{"line":86,"column":0},"end":{"line":86,"column":3}},"86":{"start":{"line":87,"column":0},"end":{"line":87,"column":1}}},"s":{"0":1,"1":8,"2":8,"3":8,"4":8,"5":1,"6":7,"7":7,"8":7,"9":7,"10":1,"11":1,"12":1,"13":2,"14":2,"15":2,"16":2,"17":1,"18":1,"19":3,"20":3,"21":3,"22":3,"23":3,"24":3,"25":3,"26":3,"27":3,"28":3,"29":3,"30":1,"31":1,"32":1,"33":1,"34":1,"35":1,"36":1,"37":1,"38":1,"39":1,"40":1,"41":21,"42":21,"43":21,"44":21,"45":1,"46":18,"47":18,"48":18,"49":18,"50":18,"51":18,"52":18,"53":18,"54":54,"55":18,"56":54,"57":1,"58":6,"59":6,"60":4,"61":6,"62":2,"63":2,"64":2,"65":7,"66":7,"67":1,"68":6,"69":6,"70":21,"71":21,"72":21,"73":21,"74":18,"75":18,"76":18,"77":21,"78":6,"79":6,"80":6,"81":6,"82":1,"83":1,"84":1,"85":1,"86":1},"branchMap":{"0":{"type":"branch","line":1,"loc":{"start":{"line":1,"column":0},"end":{"line":1,"column":38}},"locations":[{"start":{"line":1,"column":0},"end":{"line":1,"column":38}}]},"1":{"type":"branch","line":1,"loc":{"start":{"line":1,"column":21},"end":{"line":5,"column":14}},"locations":[{"start":{"line":1,"column":21},"end":{"line":5,"column":14}}]},"2":{"type":"branch","line":6,"loc":{"start":{"line":6,"column":3},"end":{"line":10,"column":3}},"locations":[{"start":{"line":6,"column":3},"end":{"line":10,"column":3}}]},"3":{"type":"branch","line":12,"loc":{"start":{"line":12,"column":12},"end":{"line":13,"column":32}},"locations":[{"start":{"line":12,"column":12},"end":{"line":13,"column":32}}]},"4":{"type":"branch","line":13,"loc":{"start":{"line":13,"column":34},"end":{"line":17,"column":22}},"locations":[{"start":{"line":13,"column":34},"end":{"line":17,"column":22}}]},"5":{"type":"branch","line":19,"loc":{"start":{"line":19,"column":4},"end":{"line":31,"column":9}},"locations":[{"start":{"line":19,"column":4},"end":{"line":31,"column":9}}]},"6":{"type":"branch","line":29,"loc":{"start":{"line":29,"column":18},"end":{"line":29,"column":42}},"locations":[{"start":{"line":29,"column":18},"end":{"line":29,"column":42}}]},"7":{"type":"branch","line":29,"loc":{"start":{"line":29,"column":42},"end":{"line":30,"column":10}},"locations":[{"start":{"line":29,"column":42},"end":{"line":30,"column":10}}]},"8":{"type":"branch","line":31,"loc":{"start":{"line":31,"column":4},"end":{"line":31,"column":9}},"locations":[{"start":{"line":31,"column":4},"end":{"line":31,"column":9}}]},"9":{"type":"branch","line":36,"loc":{"start":{"line":36,"column":10},"end":{"line":38,"column":11}},"locations":[{"start":{"line":36,"column":10},"end":{"line":38,"column":11}}]},"10":{"type":"branch","line":41,"loc":{"start":{"line":41,"column":3},"end":{"line":46,"column":40}},"locations":[{"start":{"line":41,"column":3},"end":{"line":46,"column":40}}]},"11":{"type":"branch","line":46,"loc":{"start":{"line":46,"column":9},"end":{"line":46,"column":25}},"locations":[{"start":{"line":46,"column":9},"end":{"line":46,"column":25}}]},"12":{"type":"branch","line":46,"loc":{"start":{"line":46,"column":25},"end":{"line":46,"column":40}},"locations":[{"start":{"line":46,"column":25},"end":{"line":46,"column":40}}]},"13":{"type":"branch","line":46,"loc":{"start":{"line":46,"column":41},"end":{"line":58,"column":56}},"locations":[{"start":{"line":46,"column":41},"end":{"line":58,"column":56}}]},"14":{"type":"branch","line":54,"loc":{"start":{"line":54,"column":21},"end":{"line":58,"column":23}},"locations":[{"start":{"line":54,"column":21},"end":{"line":58,"column":23}}]},"15":{"type":"branch","line":55,"loc":{"start":{"line":55,"column":26},"end":{"line":57,"column":15}},"locations":[{"start":{"line":55,"column":26},"end":{"line":57,"column":15}}]},"16":{"type":"branch","line":57,"loc":{"start":{"line":57,"column":15},"end":{"line":57,"column":31}},"locations":[{"start":{"line":57,"column":15},"end":{"line":57,"column":31}}]},"17":{"type":"branch","line":57,"loc":{"start":{"line":57,"column":21},"end":{"line":58,"column":23}},"locations":[{"start":{"line":57,"column":21},"end":{"line":58,"column":23}}]},"18":{"type":"branch","line":58,"loc":{"start":{"line":58,"column":47},"end":{"line":68,"column":40}},"locations":[{"start":{"line":58,"column":47},"end":{"line":68,"column":40}}]},"19":{"type":"branch","line":61,"loc":{"start":{"line":61,"column":-1},"end":{"line":62,"column":11}},"locations":[{"start":{"line":61,"column":-1},"end":{"line":62,"column":11}}]},"20":{"type":"branch","line":62,"loc":{"start":{"line":62,"column":4},"end":{"line":68,"column":40}},"locations":[{"start":{"line":62,"column":4},"end":{"line":68,"column":40}}]},"21":{"type":"branch","line":65,"loc":{"start":{"line":65,"column":3},"end":{"line":68,"column":31}},"locations":[{"start":{"line":65,"column":3},"end":{"line":68,"column":31}}]},"22":{"type":"branch","line":68,"loc":{"start":{"line":68,"column":24},"end":{"line":82,"column":5}},"locations":[{"start":{"line":68,"column":24},"end":{"line":82,"column":5}}]},"23":{"type":"branch","line":70,"loc":{"start":{"line":70,"column":5},"end":{"line":78,"column":52}},"locations":[{"start":{"line":70,"column":5},"end":{"line":78,"column":52}}]},"24":{"type":"branch","line":74,"loc":{"start":{"line":74,"column":4},"end":{"line":78,"column":46}},"locations":[{"start":{"line":74,"column":4},"end":{"line":78,"column":46}}]},"25":{"type":"branch","line":78,"loc":{"start":{"line":78,"column":32},"end":{"line":78,"column":46}},"locations":[{"start":{"line":78,"column":32},"end":{"line":78,"column":46}}]}},"b":{"0":[8],"1":[8],"2":[7],"3":[1],"4":[2],"5":[3],"6":[2],"7":[1],"8":[2],"9":[1],"10":[21],"11":[3],"12":[18],"13":[18],"14":[54],"15":[18],"16":[6],"17":[48],"18":[6],"19":[4],"20":[2],"21":[7],"22":[6],"23":[21],"24":[18],"25":[1]},"fnMap":{"0":{"name":"<instance_members_initializer>","decl":{"start":{"line":1,"column":0},"end":{"line":1,"column":38}},"loc":{"start":{"line":1,"column":0},"end":{"line":1,"column":38}},"line":1},"1":{"name":"FluentSQLBuilder","decl":{"start":{"line":1,"column":21},"end":{"line":5,"column":14}},"loc":{"start":{"line":1,"column":21},"end":{"line":5,"column":14}},"line":1},"2":{"name":"for","decl":{"start":{"line":6,"column":3},"end":{"line":10,"column":3}},"loc":{"start":{"line":6,"column":3},"end":{"line":10,"column":3}},"line":6},"3":{"name":"limit","decl":{"start":{"line":12,"column":12},"end":{"line":13,"column":32}},"loc":{"start":{"line":12,"column":12},"end":{"line":13,"column":32}},"line":12},"4":{"name":"select","decl":{"start":{"line":13,"column":34},"end":{"line":17,"column":22}},"loc":{"start":{"line":13,"column":34},"end":{"line":17,"column":22}},"line":13},"5":{"name":"where","decl":{"start":{"line":19,"column":4},"end":{"line":31,"column":9}},"loc":{"start":{"line":19,"column":4},"end":{"line":31,"column":9}},"line":19},"6":{"name":"orderBy","decl":{"start":{"line":31,"column":4},"end":{"line":31,"column":9}},"loc":{"start":{"line":31,"column":4},"end":{"line":31,"column":9}},"line":31},"7":{"name":"#performWhere","decl":{"start":{"line":41,"column":3},"end":{"line":46,"column":40}},"loc":{"start":{"line":41,"column":3},"end":{"line":46,"column":40}},"line":41},"8":{"name":"#performSelect","decl":{"start":{"line":46,"column":41},"end":{"line":58,"column":56}},"loc":{"start":{"line":46,"column":41},"end":{"line":58,"column":56}},"line":46},"9":{"name":"#performOrderBy","decl":{"start":{"line":58,"column":47},"end":{"line":68,"column":40}},"loc":{"start":{"line":58,"column":47},"end":{"line":68,"column":40}},"line":58},"10":{"name":"build","decl":{"start":{"line":68,"column":24},"end":{"line":82,"column":5}},"loc":{"start":{"line":68,"column":24},"end":{"line":82,"column":5}},"line":68}},"f":{"0":8,"1":8,"2":7,"3":1,"4":2,"5":3,"6":2,"7":21,"8":18,"9":6,"10":6}}
}
