TN:
SF:src/fluentSQL.js
FN:1,<instance_members_initializer>
FN:1,FluentSQLBuilder
FN:6,for
FN:12,limit
FN:13,select
FN:19,where
FN:31,orderBy
FN:41,#performWhere
FN:46,#performSelect
FN:58,#performOrderBy
FN:68,build
FNF:11
FNH:11
FNDA:8,<instance_members_initializer>
FNDA:8,FluentSQLBuilder
FNDA:7,for
FNDA:1,limit
FNDA:2,select
FNDA:3,where
FNDA:2,orderBy
FNDA:21,#performWhere
FNDA:18,#performSelect
FNDA:6,#performOrderBy
FNDA:6,build
DA:1,1
DA:2,8
DA:3,8
DA:4,8
DA:5,8
DA:6,1
DA:7,7
DA:8,7
DA:9,7
DA:10,7
DA:11,1
DA:12,1
DA:13,1
DA:14,2
DA:15,2
DA:16,2
DA:17,2
DA:18,1
DA:19,1
DA:20,3
DA:21,3
DA:22,3
DA:23,3
DA:24,3
DA:25,3
DA:26,3
DA:27,3
DA:28,3
DA:29,3
DA:30,3
DA:31,1
DA:32,1
DA:33,1
DA:34,1
DA:35,1
DA:36,1
DA:37,1
DA:38,1
DA:39,1
DA:40,1
DA:41,1
DA:42,21
DA:43,21
DA:44,21
DA:45,21
DA:46,1
DA:47,18
DA:48,18
DA:49,18
DA:50,18
DA:51,18
DA:52,18
DA:53,18
DA:54,18
DA:55,54
DA:56,18
DA:57,54
DA:58,1
DA:59,6
DA:60,6
DA:61,4
DA:62,6
DA:63,2
DA:64,2
DA:65,2
DA:66,7
DA:67,7
DA:68,1
DA:69,6
DA:70,6
DA:71,21
DA:72,21
DA:73,21
DA:74,21
DA:75,18
DA:76,18
DA:77,18
DA:78,21
DA:79,6
DA:80,6
DA:81,6
DA:82,6
DA:83,1
DA:84,1
DA:85,1
DA:86,1
DA:87,1
LF:87
LH:87
BRDA:1,0,0,8
BRDA:1,1,0,8
BRDA:6,2,0,7
BRDA:12,3,0,1
BRDA:13,4,0,2
BRDA:19,5,0,3
BRDA:29,6,0,2
BRDA:29,7,0,1
BRDA:31,8,0,2
BRDA:36,9,0,1
BRDA:41,10,0,21
BRDA:46,11,0,3
BRDA:46,12,0,18
BRDA:46,13,0,18
BRDA:54,14,0,54
BRDA:55,15,0,18
BRDA:57,16,0,6
BRDA:57,17,0,48
BRDA:58,18,0,6
BRDA:61,19,0,4
BRDA:62,20,0,2
BRDA:65,21,0,7
BRDA:68,22,0,6
BRDA:70,23,0,21
BRDA:74,24,0,18
BRDA:78,25,0,1
BRF:26
BRH:26
end_of_record
